{"C:\\git\\Brewery-Order-Service\\src\\config\\config.ts": {"path":"C:\\git\\Brewery-Order-Service\\src\\config\\config.ts","statementMap":{"0":{"start":{"line":1,"column":0},"end":{"line":1,"column":33}},"1":{"start":{"line":4,"column":0},"end":{"line":8,"column":3}},"2":{"start":{"line":11,"column":20},"end":{"line":11,"column":57}},"3":{"start":{"line":14,"column":24},"end":{"line":14,"column":78}},"4":{"start":{"line":22,"column":13},"end":{"line":26,"column":2}}},"fnMap":{},"branchMap":{"0":{"loc":{"start":{"line":6,"column":18},"end":{"line":6,"column":49}},"type":"binary-expr","locations":[{"start":{"line":6,"column":18},"end":{"line":6,"column":38}},{"start":{"line":6,"column":42},"end":{"line":6,"column":49}}]},"1":{"loc":{"start":{"line":11,"column":20},"end":{"line":11,"column":57}},"type":"cond-expr","locations":[{"start":{"line":11,"column":40},"end":{"line":11,"column":44}},{"start":{"line":11,"column":44},"end":{"line":11,"column":57}}]},"2":{"loc":{"start":{"line":11,"column":20},"end":{"line":11,"column":44}},"type":"binary-expr","locations":[{"start":{"line":11,"column":20},"end":{"line":11,"column":44}},{"start":{"line":11,"column":40},"end":{"line":11,"column":44}}]},"3":{"loc":{"start":{"line":14,"column":24},"end":{"line":14,"column":78}},"type":"cond-expr","locations":[{"start":{"line":14,"column":51},"end":{"line":14,"column":55}},{"start":{"line":14,"column":55},"end":{"line":14,"column":78}}]},"4":{"loc":{"start":{"line":14,"column":24},"end":{"line":14,"column":55}},"type":"binary-expr","locations":[{"start":{"line":14,"column":24},"end":{"line":14,"column":55}},{"start":{"line":14,"column":51},"end":{"line":14,"column":55}}]}},"s":{"0":4,"1":4,"2":4,"3":4,"4":4},"f":{},"b":{"0":[4,1],"1":[3,1],"2":[4,4],"3":[2,2],"4":[4,4]}}
,"C:\\git\\Brewery-Order-Service\\src\\controllers\\orderController.ts": {"path":"C:\\git\\Brewery-Order-Service\\src\\controllers\\orderController.ts","statementMap":{"0":{"start":{"line":3,"column":0},"end":{"line":3,"column":26}},"1":{"start":{"line":4,"column":0},"end":{"line":4,"column":42}},"2":{"start":{"line":5,"column":0},"end":{"line":5,"column":59}},"3":{"start":{"line":23,"column":21},"end":{"line":24,"column":56}},"4":{"start":{"line":32,"column":23},"end":{"line":32,"column":44}},"5":{"start":{"line":33,"column":8},"end":{"line":36,"column":9}},"6":{"start":{"line":34,"column":12},"end":{"line":34,"column":61}},"7":{"start":{"line":35,"column":12},"end":{"line":35,"column":19}},"8":{"start":{"line":38,"column":28},"end":{"line":38,"column":36}},"9":{"start":{"line":39,"column":8},"end":{"line":42,"column":9}},"10":{"start":{"line":40,"column":12},"end":{"line":40,"column":62}},"11":{"start":{"line":41,"column":12},"end":{"line":41,"column":19}},"12":{"start":{"line":44,"column":24},"end":{"line":44,"column":68}},"13":{"start":{"line":46,"column":8},"end":{"line":141,"column":9}},"14":{"start":{"line":48,"column":33},"end":{"line":50,"column":null}},"15":{"start":{"line":52,"column":30},"end":{"line":57,"column":null}},"16":{"start":{"line":53,"column":45},"end":{"line":57,"column":18}},"17":{"start":{"line":60,"column":12},"end":{"line":63,"column":13}},"18":{"start":{"line":61,"column":16},"end":{"line":61,"column":67}},"19":{"start":{"line":62,"column":16},"end":{"line":62,"column":23}},"20":{"start":{"line":65,"column":12},"end":{"line":65,"column":75}},"21":{"start":{"line":68,"column":34},"end":{"line":97,"column":null}},"22":{"start":{"line":70,"column":78},"end":{"line":96,"column":null}},"23":{"start":{"line":71,"column":50},"end":{"line":73,"column":null}},"24":{"start":{"line":76,"column":28},"end":{"line":76,"column":67}},"25":{"start":{"line":78,"column":24},"end":{"line":83,"column":26}},"26":{"start":{"line":85,"column":24},"end":{"line":89,"column":25}},"27":{"start":{"line":86,"column":28},"end":{"line":88,"column":30}},"28":{"start":{"line":90,"column":24},"end":{"line":95,"column":26}},"29":{"start":{"line":101,"column":33},"end":{"line":101,"column":74}},"30":{"start":{"line":102,"column":12},"end":{"line":105,"column":14}},"31":{"start":{"line":108,"column":34},"end":{"line":111,"column":null}},"32":{"start":{"line":114,"column":12},"end":{"line":120,"column":13}},"33":{"start":{"line":115,"column":16},"end":{"line":119,"column":18}},"34":{"start":{"line":122,"column":12},"end":{"line":125,"column":14}},"35":{"start":{"line":127,"column":12},"end":{"line":130,"column":15}},"36":{"start":{"line":132,"column":12},"end":{"line":135,"column":14}},"37":{"start":{"line":136,"column":12},"end":{"line":140,"column":15}},"38":{"start":{"line":149,"column":8},"end":{"line":176,"column":9}},"39":{"start":{"line":151,"column":29},"end":{"line":152,"column":null}},"40":{"start":{"line":154,"column":12},"end":{"line":157,"column":14}},"41":{"start":{"line":158,"column":12},"end":{"line":158,"column":64}},"42":{"start":{"line":159,"column":30},"end":{"line":159,"column":65}},"43":{"start":{"line":160,"column":12},"end":{"line":160,"column":59}},"44":{"start":{"line":161,"column":12},"end":{"line":165,"column":13}},"45":{"start":{"line":163,"column":16},"end":{"line":163,"column":66}},"46":{"start":{"line":164,"column":16},"end":{"line":164,"column":23}},"47":{"start":{"line":166,"column":12},"end":{"line":166,"column":48}},"48":{"start":{"line":168,"column":12},"end":{"line":171,"column":14}},"49":{"start":{"line":172,"column":12},"end":{"line":175,"column":15}},"50":{"start":{"line":184,"column":23},"end":{"line":184,"column":44}},"51":{"start":{"line":185,"column":8},"end":{"line":188,"column":9}},"52":{"start":{"line":186,"column":12},"end":{"line":186,"column":61}},"53":{"start":{"line":187,"column":12},"end":{"line":187,"column":19}},"54":{"start":{"line":190,"column":8},"end":{"line":223,"column":9}},"55":{"start":{"line":191,"column":34},"end":{"line":192,"column":null}},"56":{"start":{"line":194,"column":30},"end":{"line":194,"column":48}},"57":{"start":{"line":195,"column":12},"end":{"line":198,"column":13}},"58":{"start":{"line":196,"column":16},"end":{"line":196,"column":66}},"59":{"start":{"line":197,"column":16},"end":{"line":197,"column":23}},"60":{"start":{"line":200,"column":31},"end":{"line":202,"column":14}},"61":{"start":{"line":203,"column":29},"end":{"line":205,"column":null}},"62":{"start":{"line":208,"column":12},"end":{"line":211,"column":15}},"63":{"start":{"line":213,"column":12},"end":{"line":216,"column":14}},"64":{"start":{"line":217,"column":12},"end":{"line":222,"column":15}},"65":{"start":{"line":231,"column":8},"end":{"line":247,"column":9}},"66":{"start":{"line":232,"column":29},"end":{"line":236,"column":null}},"67":{"start":{"line":238,"column":12},"end":{"line":238,"column":48}},"68":{"start":{"line":240,"column":12},"end":{"line":243,"column":14}},"69":{"start":{"line":244,"column":12},"end":{"line":246,"column":15}},"70":{"start":{"line":255,"column":8},"end":{"line":274,"column":9}},"71":{"start":{"line":256,"column":12},"end":{"line":259,"column":13}},"72":{"start":{"line":257,"column":16},"end":{"line":257,"column":66}},"73":{"start":{"line":258,"column":16},"end":{"line":258,"column":23}},"74":{"start":{"line":260,"column":29},"end":{"line":261,"column":null}},"75":{"start":{"line":263,"column":12},"end":{"line":263,"column":48}},"76":{"start":{"line":265,"column":12},"end":{"line":268,"column":14}},"77":{"start":{"line":269,"column":12},"end":{"line":273,"column":15}},"78":{"start":{"line":21,"column":0},"end":{"line":21,"column":13}}},"fnMap":{"0":{"name":"(anonymous_8)","decl":{"start":{"line":21,"column":0},"end":{"line":21,"column":13}},"loc":{"start":{"line":21,"column":0},"end":{"line":276,"column":1}}},"1":{"name":"(anonymous_9)","decl":{"start":{"line":26,"column":10},"end":{"line":26,"column":21}},"loc":{"start":{"line":29,"column":26},"end":{"line":142,"column":null}}},"2":{"name":"(anonymous_11)","decl":{"start":{"line":53,"column":16},"end":{"line":53,"column":17}},"loc":{"start":{"line":53,"column":45},"end":{"line":57,"column":18}}},"3":{"name":"(anonymous_12)","decl":{"start":{"line":70,"column":20},"end":{"line":70,"column":27}},"loc":{"start":{"line":70,"column":78},"end":{"line":96,"column":null}}},"4":{"name":"(anonymous_13)","decl":{"start":{"line":70,"column":78},"end":{"line":70,"column":null}},"loc":{"start":{"line":70,"column":78},"end":{"line":96,"column":21}}},"5":{"name":"(anonymous_14)","decl":{"start":{"line":144,"column":10},"end":{"line":144,"column":22}},"loc":{"start":{"line":147,"column":26},"end":{"line":177,"column":null}}},"6":{"name":"(anonymous_16)","decl":{"start":{"line":179,"column":10},"end":{"line":179,"column":27}},"loc":{"start":{"line":182,"column":26},"end":{"line":224,"column":null}}},"7":{"name":"(anonymous_18)","decl":{"start":{"line":226,"column":17},"end":{"line":226,"column":28}},"loc":{"start":{"line":229,"column":26},"end":{"line":248,"column":null}}},"8":{"name":"(anonymous_20)","decl":{"start":{"line":250,"column":10},"end":{"line":250,"column":25}},"loc":{"start":{"line":253,"column":26},"end":{"line":275,"column":null}}}},"branchMap":{"0":{"loc":{"start":{"line":24,"column":8},"end":{"line":24,"column":55}},"type":"binary-expr","locations":[{"start":{"line":24,"column":8},"end":{"line":24,"column":28}},{"start":{"line":24,"column":32},"end":{"line":24,"column":55}}]},"1":{"loc":{"start":{"line":33,"column":8},"end":{"line":36,"column":9}},"type":"if","locations":[{"start":{"line":33,"column":8},"end":{"line":36,"column":9}}]},"2":{"loc":{"start":{"line":39,"column":8},"end":{"line":42,"column":9}},"type":"if","locations":[{"start":{"line":39,"column":8},"end":{"line":42,"column":9}}]},"3":{"loc":{"start":{"line":39,"column":12},"end":{"line":39,"column":24}},"type":"cond-expr","locations":[{"start":{"line":39,"column":20},"end":{"line":39,"column":22}},{"start":{"line":39,"column":20},"end":{"line":39,"column":24}}]},"4":{"loc":{"start":{"line":39,"column":12},"end":{"line":39,"column":22}},"type":"binary-expr","locations":[{"start":{"line":39,"column":12},"end":{"line":39,"column":22}},{"start":{"line":39,"column":20},"end":{"line":39,"column":22}}]},"5":{"loc":{"start":{"line":60,"column":12},"end":{"line":63,"column":13}},"type":"if","locations":[{"start":{"line":60,"column":12},"end":{"line":63,"column":13}}]},"6":{"loc":{"start":{"line":85,"column":24},"end":{"line":89,"column":25}},"type":"if","locations":[{"start":{"line":85,"column":24},"end":{"line":89,"column":25}}]},"7":{"loc":{"start":{"line":134,"column":16},"end":{"line":134,"column":53}},"type":"binary-expr","locations":[{"start":{"line":134,"column":16},"end":{"line":134,"column":36}},{"start":{"line":134,"column":40},"end":{"line":134,"column":53}}]},"8":{"loc":{"start":{"line":134,"column":16},"end":{"line":134,"column":36}},"type":"cond-expr","locations":[{"start":{"line":134,"column":30},"end":{"line":134,"column":32}},{"start":{"line":134,"column":30},"end":{"line":134,"column":36}}]},"9":{"loc":{"start":{"line":134,"column":16},"end":{"line":134,"column":32}},"type":"binary-expr","locations":[{"start":{"line":134,"column":16},"end":{"line":134,"column":32}},{"start":{"line":134,"column":30},"end":{"line":134,"column":32}}]},"10":{"loc":{"start":{"line":136,"column":23},"end":{"line":136,"column":52}},"type":"binary-expr","locations":[{"start":{"line":136,"column":23},"end":{"line":136,"column":45}},{"start":{"line":136,"column":49},"end":{"line":136,"column":52}}]},"11":{"loc":{"start":{"line":136,"column":23},"end":{"line":136,"column":45}},"type":"cond-expr","locations":[{"start":{"line":136,"column":37},"end":{"line":136,"column":39}},{"start":{"line":136,"column":37},"end":{"line":136,"column":45}}]},"12":{"loc":{"start":{"line":136,"column":23},"end":{"line":136,"column":39}},"type":"binary-expr","locations":[{"start":{"line":136,"column":23},"end":{"line":136,"column":39}},{"start":{"line":136,"column":37},"end":{"line":136,"column":39}}]},"13":{"loc":{"start":{"line":138,"column":20},"end":{"line":138,"column":75}},"type":"binary-expr","locations":[{"start":{"line":138,"column":20},"end":{"line":138,"column":49}},{"start":{"line":138,"column":53},"end":{"line":138,"column":75}}]},"14":{"loc":{"start":{"line":138,"column":20},"end":{"line":138,"column":49}},"type":"cond-expr","locations":[{"start":{"line":138,"column":40},"end":{"line":138,"column":42}},{"start":{"line":138,"column":40},"end":{"line":138,"column":49}}]},"15":{"loc":{"start":{"line":138,"column":20},"end":{"line":138,"column":42}},"type":"binary-expr","locations":[{"start":{"line":138,"column":20},"end":{"line":138,"column":42}},{"start":{"line":138,"column":40},"end":{"line":138,"column":42}}]},"16":{"loc":{"start":{"line":138,"column":20},"end":{"line":138,"column":40}},"type":"cond-expr","locations":[{"start":{"line":138,"column":34},"end":{"line":138,"column":36}},{"start":{"line":138,"column":34},"end":{"line":138,"column":40}}]},"17":{"loc":{"start":{"line":138,"column":20},"end":{"line":138,"column":36}},"type":"binary-expr","locations":[{"start":{"line":138,"column":20},"end":{"line":138,"column":36}},{"start":{"line":138,"column":34},"end":{"line":138,"column":36}}]},"18":{"loc":{"start":{"line":139,"column":23},"end":{"line":139,"column":68}},"type":"binary-expr","locations":[{"start":{"line":139,"column":23},"end":{"line":139,"column":51}},{"start":{"line":139,"column":55},"end":{"line":139,"column":68}}]},"19":{"loc":{"start":{"line":139,"column":23},"end":{"line":139,"column":51}},"type":"cond-expr","locations":[{"start":{"line":139,"column":43},"end":{"line":139,"column":45}},{"start":{"line":139,"column":43},"end":{"line":139,"column":51}}]},"20":{"loc":{"start":{"line":139,"column":23},"end":{"line":139,"column":45}},"type":"binary-expr","locations":[{"start":{"line":139,"column":23},"end":{"line":139,"column":45}},{"start":{"line":139,"column":43},"end":{"line":139,"column":45}}]},"21":{"loc":{"start":{"line":139,"column":23},"end":{"line":139,"column":43}},"type":"cond-expr","locations":[{"start":{"line":139,"column":37},"end":{"line":139,"column":39}},{"start":{"line":139,"column":37},"end":{"line":139,"column":43}}]},"22":{"loc":{"start":{"line":139,"column":23},"end":{"line":139,"column":39}},"type":"binary-expr","locations":[{"start":{"line":139,"column":23},"end":{"line":139,"column":39}},{"start":{"line":139,"column":37},"end":{"line":139,"column":39}}]},"23":{"loc":{"start":{"line":158,"column":50},"end":{"line":158,"column":62}},"type":"cond-expr","locations":[{"start":{"line":158,"column":58},"end":{"line":158,"column":60}},{"start":{"line":158,"column":58},"end":{"line":158,"column":62}}]},"24":{"loc":{"start":{"line":158,"column":50},"end":{"line":158,"column":60}},"type":"binary-expr","locations":[{"start":{"line":158,"column":50},"end":{"line":158,"column":60}},{"start":{"line":158,"column":58},"end":{"line":158,"column":60}}]},"25":{"loc":{"start":{"line":161,"column":12},"end":{"line":165,"column":13}},"type":"if","locations":[{"start":{"line":161,"column":12},"end":{"line":165,"column":13}}]},"26":{"loc":{"start":{"line":161,"column":16},"end":{"line":161,"column":28}},"type":"cond-expr","locations":[{"start":{"line":161,"column":24},"end":{"line":161,"column":26}},{"start":{"line":161,"column":24},"end":{"line":161,"column":28}}]},"27":{"loc":{"start":{"line":161,"column":16},"end":{"line":161,"column":26}},"type":"binary-expr","locations":[{"start":{"line":161,"column":16},"end":{"line":161,"column":26}},{"start":{"line":161,"column":24},"end":{"line":161,"column":26}}]},"28":{"loc":{"start":{"line":170,"column":16},"end":{"line":170,"column":53}},"type":"binary-expr","locations":[{"start":{"line":170,"column":16},"end":{"line":170,"column":36}},{"start":{"line":170,"column":40},"end":{"line":170,"column":53}}]},"29":{"loc":{"start":{"line":170,"column":16},"end":{"line":170,"column":36}},"type":"cond-expr","locations":[{"start":{"line":170,"column":30},"end":{"line":170,"column":32}},{"start":{"line":170,"column":30},"end":{"line":170,"column":36}}]},"30":{"loc":{"start":{"line":170,"column":16},"end":{"line":170,"column":32}},"type":"binary-expr","locations":[{"start":{"line":170,"column":16},"end":{"line":170,"column":32}},{"start":{"line":170,"column":30},"end":{"line":170,"column":32}}]},"31":{"loc":{"start":{"line":172,"column":23},"end":{"line":172,"column":52}},"type":"binary-expr","locations":[{"start":{"line":172,"column":23},"end":{"line":172,"column":45}},{"start":{"line":172,"column":49},"end":{"line":172,"column":52}}]},"32":{"loc":{"start":{"line":172,"column":23},"end":{"line":172,"column":45}},"type":"cond-expr","locations":[{"start":{"line":172,"column":37},"end":{"line":172,"column":39}},{"start":{"line":172,"column":37},"end":{"line":172,"column":45}}]},"33":{"loc":{"start":{"line":172,"column":23},"end":{"line":172,"column":39}},"type":"binary-expr","locations":[{"start":{"line":172,"column":23},"end":{"line":172,"column":39}},{"start":{"line":172,"column":37},"end":{"line":172,"column":39}}]},"34":{"loc":{"start":{"line":173,"column":25},"end":{"line":173,"column":75}},"type":"binary-expr","locations":[{"start":{"line":173,"column":25},"end":{"line":173,"column":54}},{"start":{"line":173,"column":58},"end":{"line":173,"column":75}}]},"35":{"loc":{"start":{"line":173,"column":25},"end":{"line":173,"column":54}},"type":"cond-expr","locations":[{"start":{"line":173,"column":45},"end":{"line":173,"column":47}},{"start":{"line":173,"column":45},"end":{"line":173,"column":54}}]},"36":{"loc":{"start":{"line":173,"column":25},"end":{"line":173,"column":47}},"type":"binary-expr","locations":[{"start":{"line":173,"column":25},"end":{"line":173,"column":47}},{"start":{"line":173,"column":45},"end":{"line":173,"column":47}}]},"37":{"loc":{"start":{"line":173,"column":25},"end":{"line":173,"column":45}},"type":"cond-expr","locations":[{"start":{"line":173,"column":39},"end":{"line":173,"column":41}},{"start":{"line":173,"column":39},"end":{"line":173,"column":45}}]},"38":{"loc":{"start":{"line":173,"column":25},"end":{"line":173,"column":41}},"type":"binary-expr","locations":[{"start":{"line":173,"column":25},"end":{"line":173,"column":41}},{"start":{"line":173,"column":39},"end":{"line":173,"column":41}}]},"39":{"loc":{"start":{"line":174,"column":23},"end":{"line":174,"column":68}},"type":"binary-expr","locations":[{"start":{"line":174,"column":23},"end":{"line":174,"column":51}},{"start":{"line":174,"column":55},"end":{"line":174,"column":68}}]},"40":{"loc":{"start":{"line":174,"column":23},"end":{"line":174,"column":51}},"type":"cond-expr","locations":[{"start":{"line":174,"column":43},"end":{"line":174,"column":45}},{"start":{"line":174,"column":43},"end":{"line":174,"column":51}}]},"41":{"loc":{"start":{"line":174,"column":23},"end":{"line":174,"column":45}},"type":"binary-expr","locations":[{"start":{"line":174,"column":23},"end":{"line":174,"column":45}},{"start":{"line":174,"column":43},"end":{"line":174,"column":45}}]},"42":{"loc":{"start":{"line":174,"column":23},"end":{"line":174,"column":43}},"type":"cond-expr","locations":[{"start":{"line":174,"column":37},"end":{"line":174,"column":39}},{"start":{"line":174,"column":37},"end":{"line":174,"column":43}}]},"43":{"loc":{"start":{"line":174,"column":23},"end":{"line":174,"column":39}},"type":"binary-expr","locations":[{"start":{"line":174,"column":23},"end":{"line":174,"column":39}},{"start":{"line":174,"column":37},"end":{"line":174,"column":39}}]},"44":{"loc":{"start":{"line":185,"column":8},"end":{"line":188,"column":9}},"type":"if","locations":[{"start":{"line":185,"column":8},"end":{"line":188,"column":9}}]},"45":{"loc":{"start":{"line":195,"column":12},"end":{"line":198,"column":13}},"type":"if","locations":[{"start":{"line":195,"column":12},"end":{"line":198,"column":13}}]},"46":{"loc":{"start":{"line":195,"column":16},"end":{"line":195,"column":28}},"type":"cond-expr","locations":[{"start":{"line":195,"column":24},"end":{"line":195,"column":26}},{"start":{"line":195,"column":24},"end":{"line":195,"column":28}}]},"47":{"loc":{"start":{"line":195,"column":16},"end":{"line":195,"column":26}},"type":"binary-expr","locations":[{"start":{"line":195,"column":16},"end":{"line":195,"column":26}},{"start":{"line":195,"column":24},"end":{"line":195,"column":26}}]},"48":{"loc":{"start":{"line":215,"column":16},"end":{"line":215,"column":53}},"type":"binary-expr","locations":[{"start":{"line":215,"column":16},"end":{"line":215,"column":36}},{"start":{"line":215,"column":40},"end":{"line":215,"column":53}}]},"49":{"loc":{"start":{"line":215,"column":16},"end":{"line":215,"column":36}},"type":"cond-expr","locations":[{"start":{"line":215,"column":30},"end":{"line":215,"column":32}},{"start":{"line":215,"column":30},"end":{"line":215,"column":36}}]},"50":{"loc":{"start":{"line":215,"column":16},"end":{"line":215,"column":32}},"type":"binary-expr","locations":[{"start":{"line":215,"column":16},"end":{"line":215,"column":32}},{"start":{"line":215,"column":30},"end":{"line":215,"column":32}}]},"51":{"loc":{"start":{"line":217,"column":23},"end":{"line":217,"column":52}},"type":"binary-expr","locations":[{"start":{"line":217,"column":23},"end":{"line":217,"column":45}},{"start":{"line":217,"column":49},"end":{"line":217,"column":52}}]},"52":{"loc":{"start":{"line":217,"column":23},"end":{"line":217,"column":45}},"type":"cond-expr","locations":[{"start":{"line":217,"column":37},"end":{"line":217,"column":39}},{"start":{"line":217,"column":37},"end":{"line":217,"column":45}}]},"53":{"loc":{"start":{"line":217,"column":23},"end":{"line":217,"column":39}},"type":"binary-expr","locations":[{"start":{"line":217,"column":23},"end":{"line":217,"column":39}},{"start":{"line":217,"column":37},"end":{"line":217,"column":39}}]},"54":{"loc":{"start":{"line":219,"column":20},"end":{"line":220,"column":49}},"type":"binary-expr","locations":[{"start":{"line":219,"column":20},"end":{"line":219,"column":49}},{"start":{"line":220,"column":20},"end":{"line":220,"column":49}}]},"55":{"loc":{"start":{"line":219,"column":20},"end":{"line":219,"column":49}},"type":"cond-expr","locations":[{"start":{"line":219,"column":40},"end":{"line":219,"column":42}},{"start":{"line":219,"column":40},"end":{"line":219,"column":49}}]},"56":{"loc":{"start":{"line":219,"column":20},"end":{"line":219,"column":42}},"type":"binary-expr","locations":[{"start":{"line":219,"column":20},"end":{"line":219,"column":42}},{"start":{"line":219,"column":40},"end":{"line":219,"column":42}}]},"57":{"loc":{"start":{"line":219,"column":20},"end":{"line":219,"column":40}},"type":"cond-expr","locations":[{"start":{"line":219,"column":34},"end":{"line":219,"column":36}},{"start":{"line":219,"column":34},"end":{"line":219,"column":40}}]},"58":{"loc":{"start":{"line":219,"column":20},"end":{"line":219,"column":36}},"type":"binary-expr","locations":[{"start":{"line":219,"column":20},"end":{"line":219,"column":36}},{"start":{"line":219,"column":34},"end":{"line":219,"column":36}}]},"59":{"loc":{"start":{"line":221,"column":23},"end":{"line":221,"column":68}},"type":"binary-expr","locations":[{"start":{"line":221,"column":23},"end":{"line":221,"column":51}},{"start":{"line":221,"column":55},"end":{"line":221,"column":68}}]},"60":{"loc":{"start":{"line":221,"column":23},"end":{"line":221,"column":51}},"type":"cond-expr","locations":[{"start":{"line":221,"column":43},"end":{"line":221,"column":45}},{"start":{"line":221,"column":43},"end":{"line":221,"column":51}}]},"61":{"loc":{"start":{"line":221,"column":23},"end":{"line":221,"column":45}},"type":"binary-expr","locations":[{"start":{"line":221,"column":23},"end":{"line":221,"column":45}},{"start":{"line":221,"column":43},"end":{"line":221,"column":45}}]},"62":{"loc":{"start":{"line":221,"column":23},"end":{"line":221,"column":43}},"type":"cond-expr","locations":[{"start":{"line":221,"column":37},"end":{"line":221,"column":39}},{"start":{"line":221,"column":37},"end":{"line":221,"column":43}}]},"63":{"loc":{"start":{"line":221,"column":23},"end":{"line":221,"column":39}},"type":"binary-expr","locations":[{"start":{"line":221,"column":23},"end":{"line":221,"column":39}},{"start":{"line":221,"column":37},"end":{"line":221,"column":39}}]},"64":{"loc":{"start":{"line":242,"column":16},"end":{"line":242,"column":53}},"type":"binary-expr","locations":[{"start":{"line":242,"column":16},"end":{"line":242,"column":36}},{"start":{"line":242,"column":40},"end":{"line":242,"column":53}}]},"65":{"loc":{"start":{"line":242,"column":16},"end":{"line":242,"column":36}},"type":"cond-expr","locations":[{"start":{"line":242,"column":30},"end":{"line":242,"column":32}},{"start":{"line":242,"column":30},"end":{"line":242,"column":36}}]},"66":{"loc":{"start":{"line":242,"column":16},"end":{"line":242,"column":32}},"type":"binary-expr","locations":[{"start":{"line":242,"column":16},"end":{"line":242,"column":32}},{"start":{"line":242,"column":30},"end":{"line":242,"column":32}}]},"67":{"loc":{"start":{"line":244,"column":23},"end":{"line":244,"column":52}},"type":"binary-expr","locations":[{"start":{"line":244,"column":23},"end":{"line":244,"column":45}},{"start":{"line":244,"column":49},"end":{"line":244,"column":52}}]},"68":{"loc":{"start":{"line":244,"column":23},"end":{"line":244,"column":45}},"type":"cond-expr","locations":[{"start":{"line":244,"column":37},"end":{"line":244,"column":39}},{"start":{"line":244,"column":37},"end":{"line":244,"column":45}}]},"69":{"loc":{"start":{"line":244,"column":23},"end":{"line":244,"column":39}},"type":"binary-expr","locations":[{"start":{"line":244,"column":23},"end":{"line":244,"column":39}},{"start":{"line":244,"column":37},"end":{"line":244,"column":39}}]},"70":{"loc":{"start":{"line":245,"column":25},"end":{"line":245,"column":75}},"type":"binary-expr","locations":[{"start":{"line":245,"column":25},"end":{"line":245,"column":54}},{"start":{"line":245,"column":58},"end":{"line":245,"column":75}}]},"71":{"loc":{"start":{"line":245,"column":25},"end":{"line":245,"column":54}},"type":"cond-expr","locations":[{"start":{"line":245,"column":45},"end":{"line":245,"column":47}},{"start":{"line":245,"column":45},"end":{"line":245,"column":54}}]},"72":{"loc":{"start":{"line":245,"column":25},"end":{"line":245,"column":47}},"type":"binary-expr","locations":[{"start":{"line":245,"column":25},"end":{"line":245,"column":47}},{"start":{"line":245,"column":45},"end":{"line":245,"column":47}}]},"73":{"loc":{"start":{"line":245,"column":25},"end":{"line":245,"column":45}},"type":"cond-expr","locations":[{"start":{"line":245,"column":39},"end":{"line":245,"column":41}},{"start":{"line":245,"column":39},"end":{"line":245,"column":45}}]},"74":{"loc":{"start":{"line":245,"column":25},"end":{"line":245,"column":41}},"type":"binary-expr","locations":[{"start":{"line":245,"column":25},"end":{"line":245,"column":41}},{"start":{"line":245,"column":39},"end":{"line":245,"column":41}}]},"75":{"loc":{"start":{"line":256,"column":12},"end":{"line":259,"column":13}},"type":"if","locations":[{"start":{"line":256,"column":12},"end":{"line":259,"column":13}}]},"76":{"loc":{"start":{"line":256,"column":16},"end":{"line":256,"column":28}},"type":"cond-expr","locations":[{"start":{"line":256,"column":24},"end":{"line":256,"column":26}},{"start":{"line":256,"column":24},"end":{"line":256,"column":28}}]},"77":{"loc":{"start":{"line":256,"column":16},"end":{"line":256,"column":26}},"type":"binary-expr","locations":[{"start":{"line":256,"column":16},"end":{"line":256,"column":26}},{"start":{"line":256,"column":24},"end":{"line":256,"column":26}}]},"78":{"loc":{"start":{"line":267,"column":16},"end":{"line":267,"column":53}},"type":"binary-expr","locations":[{"start":{"line":267,"column":16},"end":{"line":267,"column":36}},{"start":{"line":267,"column":40},"end":{"line":267,"column":53}}]},"79":{"loc":{"start":{"line":267,"column":16},"end":{"line":267,"column":36}},"type":"cond-expr","locations":[{"start":{"line":267,"column":30},"end":{"line":267,"column":32}},{"start":{"line":267,"column":30},"end":{"line":267,"column":36}}]},"80":{"loc":{"start":{"line":267,"column":16},"end":{"line":267,"column":32}},"type":"binary-expr","locations":[{"start":{"line":267,"column":16},"end":{"line":267,"column":32}},{"start":{"line":267,"column":30},"end":{"line":267,"column":32}}]},"81":{"loc":{"start":{"line":269,"column":23},"end":{"line":269,"column":52}},"type":"binary-expr","locations":[{"start":{"line":269,"column":23},"end":{"line":269,"column":45}},{"start":{"line":269,"column":49},"end":{"line":269,"column":52}}]},"82":{"loc":{"start":{"line":269,"column":23},"end":{"line":269,"column":45}},"type":"cond-expr","locations":[{"start":{"line":269,"column":37},"end":{"line":269,"column":39}},{"start":{"line":269,"column":37},"end":{"line":269,"column":45}}]},"83":{"loc":{"start":{"line":269,"column":23},"end":{"line":269,"column":39}},"type":"binary-expr","locations":[{"start":{"line":269,"column":23},"end":{"line":269,"column":39}},{"start":{"line":269,"column":37},"end":{"line":269,"column":39}}]},"84":{"loc":{"start":{"line":271,"column":20},"end":{"line":271,"column":76}},"type":"binary-expr","locations":[{"start":{"line":271,"column":20},"end":{"line":271,"column":49}},{"start":{"line":271,"column":53},"end":{"line":271,"column":76}}]},"85":{"loc":{"start":{"line":271,"column":20},"end":{"line":271,"column":49}},"type":"cond-expr","locations":[{"start":{"line":271,"column":40},"end":{"line":271,"column":42}},{"start":{"line":271,"column":40},"end":{"line":271,"column":49}}]},"86":{"loc":{"start":{"line":271,"column":20},"end":{"line":271,"column":42}},"type":"binary-expr","locations":[{"start":{"line":271,"column":20},"end":{"line":271,"column":42}},{"start":{"line":271,"column":40},"end":{"line":271,"column":42}}]},"87":{"loc":{"start":{"line":271,"column":20},"end":{"line":271,"column":40}},"type":"cond-expr","locations":[{"start":{"line":271,"column":34},"end":{"line":271,"column":36}},{"start":{"line":271,"column":34},"end":{"line":271,"column":40}}]},"88":{"loc":{"start":{"line":271,"column":20},"end":{"line":271,"column":36}},"type":"binary-expr","locations":[{"start":{"line":271,"column":20},"end":{"line":271,"column":36}},{"start":{"line":271,"column":34},"end":{"line":271,"column":36}}]},"89":{"loc":{"start":{"line":272,"column":23},"end":{"line":272,"column":68}},"type":"binary-expr","locations":[{"start":{"line":272,"column":23},"end":{"line":272,"column":51}},{"start":{"line":272,"column":55},"end":{"line":272,"column":68}}]},"90":{"loc":{"start":{"line":272,"column":23},"end":{"line":272,"column":51}},"type":"cond-expr","locations":[{"start":{"line":272,"column":43},"end":{"line":272,"column":45}},{"start":{"line":272,"column":43},"end":{"line":272,"column":51}}]},"91":{"loc":{"start":{"line":272,"column":23},"end":{"line":272,"column":45}},"type":"binary-expr","locations":[{"start":{"line":272,"column":23},"end":{"line":272,"column":45}},{"start":{"line":272,"column":43},"end":{"line":272,"column":45}}]},"92":{"loc":{"start":{"line":272,"column":23},"end":{"line":272,"column":43}},"type":"cond-expr","locations":[{"start":{"line":272,"column":37},"end":{"line":272,"column":39}},{"start":{"line":272,"column":37},"end":{"line":272,"column":43}}]},"93":{"loc":{"start":{"line":272,"column":23},"end":{"line":272,"column":39}},"type":"binary-expr","locations":[{"start":{"line":272,"column":23},"end":{"line":272,"column":39}},{"start":{"line":272,"column":37},"end":{"line":272,"column":39}}]}},"s":{"0":1,"1":1,"2":1,"3":26,"4":7,"5":7,"6":1,"7":1,"8":6,"9":6,"10":1,"11":1,"12":5,"13":5,"14":5,"15":3,"16":2,"17":3,"18":1,"19":1,"20":2,"21":2,"22":2,"23":2,"24":2,"25":2,"26":2,"27":1,"28":1,"29":1,"30":1,"31":1,"32":1,"33":1,"34":1,"35":1,"36":3,"37":3,"38":5,"39":5,"40":3,"41":3,"42":3,"43":3,"44":3,"45":2,"46":2,"47":1,"48":2,"49":2,"50":6,"51":6,"52":1,"53":1,"54":5,"55":5,"56":3,"57":3,"58":2,"59":2,"60":1,"61":1,"62":1,"63":2,"64":2,"65":3,"66":3,"67":1,"68":2,"69":2,"70":5,"71":5,"72":2,"73":2,"74":3,"75":1,"76":2,"77":2,"78":1},"f":{"0":26,"1":7,"2":2,"3":2,"4":2,"5":5,"6":6,"7":3,"8":5},"b":{"0":[26,0],"1":[1],"2":[1],"3":[0,6],"4":[6,6],"5":[1],"6":[1],"7":[3,2],"8":[2,1],"9":[3,3],"10":[3,2],"11":[2,1],"12":[3,3],"13":[3,3],"14":[2,1],"15":[3,3],"16":[2,1],"17":[3,3],"18":[3,3],"19":[2,1],"20":[3,3],"21":[2,1],"22":[3,3],"23":[1,2],"24":[3,3],"25":[2],"26":[1,2],"27":[3,3],"28":[2,1],"29":[1,1],"30":[2,2],"31":[2,1],"32":[1,1],"33":[2,2],"34":[2,1],"35":[1,1],"36":[2,2],"37":[1,1],"38":[2,2],"39":[2,2],"40":[1,1],"41":[2,2],"42":[1,1],"43":[2,2],"44":[1],"45":[2],"46":[1,2],"47":[3,3],"48":[2,1],"49":[1,1],"50":[2,2],"51":[2,1],"52":[1,1],"53":[2,2],"54":[2,2],"55":[1,1],"56":[2,2],"57":[1,1],"58":[2,2],"59":[2,2],"60":[1,1],"61":[2,2],"62":[1,1],"63":[2,2],"64":[2,1],"65":[1,1],"66":[2,2],"67":[2,1],"68":[1,1],"69":[2,2],"70":[2,1],"71":[1,1],"72":[2,2],"73":[1,1],"74":[2,2],"75":[2],"76":[1,4],"77":[5,5],"78":[2,1],"79":[1,1],"80":[2,2],"81":[2,1],"82":[1,1],"83":[2,2],"84":[2,2],"85":[1,1],"86":[2,2],"87":[1,1],"88":[2,2],"89":[2,2],"90":[1,1],"91":[2,2],"92":[1,1],"93":[2,2]}}
}
