TN:
SF:src\config\config.ts
FNF:0
FNH:0
DA:1,4
DA:4,4
DA:11,4
DA:14,4
DA:22,4
LF:5
LH:5
BRDA:6,0,0,4
BRDA:6,0,1,1
BRDA:11,1,0,3
BRDA:11,1,1,1
BRDA:11,2,0,4
BRDA:11,2,1,4
BRDA:14,3,0,2
BRDA:14,3,1,2
BRDA:14,4,0,4
BRDA:14,4,1,4
BRF:10
BRH:10
end_of_record
TN:
SF:src\controllers\orderController.ts
FN:21,(anonymous_8)
FN:26,(anonymous_9)
FN:53,(anonymous_11)
FN:70,(anonymous_12)
FN:70,(anonymous_13)
FN:144,(anonymous_14)
FN:179,(anonymous_16)
FN:226,(anonymous_18)
FN:250,(anonymous_20)
FNF:9
FNH:9
FNDA:26,(anonymous_8)
FNDA:7,(anonymous_9)
FNDA:2,(anonymous_11)
FNDA:2,(anonymous_12)
FNDA:2,(anonymous_13)
FNDA:5,(anonymous_14)
FNDA:6,(anonymous_16)
FNDA:3,(anonymous_18)
FNDA:5,(anonymous_20)
DA:3,1
DA:4,1
DA:5,1
DA:21,1
DA:23,26
DA:32,7
DA:33,7
DA:34,1
DA:35,1
DA:38,6
DA:39,6
DA:40,1
DA:41,1
DA:44,5
DA:46,5
DA:48,5
DA:52,3
DA:53,2
DA:60,3
DA:61,1
DA:62,1
DA:65,2
DA:68,2
DA:70,2
DA:71,2
DA:76,2
DA:78,2
DA:85,2
DA:86,1
DA:90,1
DA:101,1
DA:102,1
DA:108,1
DA:114,1
DA:115,1
DA:122,1
DA:127,1
DA:132,3
DA:136,3
DA:149,5
DA:151,5
DA:154,3
DA:158,3
DA:159,3
DA:160,3
DA:161,3
DA:163,2
DA:164,2
DA:166,1
DA:168,2
DA:172,2
DA:184,6
DA:185,6
DA:186,1
DA:187,1
DA:190,5
DA:191,5
DA:194,3
DA:195,3
DA:196,2
DA:197,2
DA:200,1
DA:203,1
DA:208,1
DA:213,2
DA:217,2
DA:231,3
DA:232,3
DA:238,1
DA:240,2
DA:244,2
DA:255,5
DA:256,5
DA:257,2
DA:258,2
DA:260,3
DA:263,1
DA:265,2
DA:269,2
LF:79
LH:79
BRDA:24,0,0,26
BRDA:24,0,1,0
BRDA:33,1,0,1
BRDA:39,2,0,1
BRDA:39,3,0,0
BRDA:39,3,1,6
BRDA:39,4,0,6
BRDA:39,4,1,6
BRDA:60,5,0,1
BRDA:85,6,0,1
BRDA:134,7,0,3
BRDA:134,7,1,2
BRDA:134,8,0,2
BRDA:134,8,1,1
BRDA:134,9,0,3
BRDA:134,9,1,3
BRDA:136,10,0,3
BRDA:136,10,1,2
BRDA:136,11,0,2
BRDA:136,11,1,1
BRDA:136,12,0,3
BRDA:136,12,1,3
BRDA:138,13,0,3
BRDA:138,13,1,3
BRDA:138,14,0,2
BRDA:138,14,1,1
BRDA:138,15,0,3
BRDA:138,15,1,3
BRDA:138,16,0,2
BRDA:138,16,1,1
BRDA:138,17,0,3
BRDA:138,17,1,3
BRDA:139,18,0,3
BRDA:139,18,1,3
BRDA:139,19,0,2
BRDA:139,19,1,1
BRDA:139,20,0,3
BRDA:139,20,1,3
BRDA:139,21,0,2
BRDA:139,21,1,1
BRDA:139,22,0,3
BRDA:139,22,1,3
BRDA:158,23,0,1
BRDA:158,23,1,2
BRDA:158,24,0,3
BRDA:158,24,1,3
BRDA:161,25,0,2
BRDA:161,26,0,1
BRDA:161,26,1,2
BRDA:161,27,0,3
BRDA:161,27,1,3
BRDA:170,28,0,2
BRDA:170,28,1,1
BRDA:170,29,0,1
BRDA:170,29,1,1
BRDA:170,30,0,2
BRDA:170,30,1,2
BRDA:172,31,0,2
BRDA:172,31,1,1
BRDA:172,32,0,1
BRDA:172,32,1,1
BRDA:172,33,0,2
BRDA:172,33,1,2
BRDA:173,34,0,2
BRDA:173,34,1,1
BRDA:173,35,0,1
BRDA:173,35,1,1
BRDA:173,36,0,2
BRDA:173,36,1,2
BRDA:173,37,0,1
BRDA:173,37,1,1
BRDA:173,38,0,2
BRDA:173,38,1,2
BRDA:174,39,0,2
BRDA:174,39,1,2
BRDA:174,40,0,1
BRDA:174,40,1,1
BRDA:174,41,0,2
BRDA:174,41,1,2
BRDA:174,42,0,1
BRDA:174,42,1,1
BRDA:174,43,0,2
BRDA:174,43,1,2
BRDA:185,44,0,1
BRDA:195,45,0,2
BRDA:195,46,0,1
BRDA:195,46,1,2
BRDA:195,47,0,3
BRDA:195,47,1,3
BRDA:215,48,0,2
BRDA:215,48,1,1
BRDA:215,49,0,1
BRDA:215,49,1,1
BRDA:215,50,0,2
BRDA:215,50,1,2
BRDA:217,51,0,2
BRDA:217,51,1,1
BRDA:217,52,0,1
BRDA:217,52,1,1
BRDA:217,53,0,2
BRDA:217,53,1,2
BRDA:219,54,0,2
BRDA:219,54,1,2
BRDA:219,55,0,1
BRDA:219,55,1,1
BRDA:219,56,0,2
BRDA:219,56,1,2
BRDA:219,57,0,1
BRDA:219,57,1,1
BRDA:219,58,0,2
BRDA:219,58,1,2
BRDA:221,59,0,2
BRDA:221,59,1,2
BRDA:221,60,0,1
BRDA:221,60,1,1
BRDA:221,61,0,2
BRDA:221,61,1,2
BRDA:221,62,0,1
BRDA:221,62,1,1
BRDA:221,63,0,2
BRDA:221,63,1,2
BRDA:242,64,0,2
BRDA:242,64,1,1
BRDA:242,65,0,1
BRDA:242,65,1,1
BRDA:242,66,0,2
BRDA:242,66,1,2
BRDA:244,67,0,2
BRDA:244,67,1,1
BRDA:244,68,0,1
BRDA:244,68,1,1
BRDA:244,69,0,2
BRDA:244,69,1,2
BRDA:245,70,0,2
BRDA:245,70,1,1
BRDA:245,71,0,1
BRDA:245,71,1,1
BRDA:245,72,0,2
BRDA:245,72,1,2
BRDA:245,73,0,1
BRDA:245,73,1,1
BRDA:245,74,0,2
BRDA:245,74,1,2
BRDA:256,75,0,2
BRDA:256,76,0,1
BRDA:256,76,1,4
BRDA:256,77,0,5
BRDA:256,77,1,5
BRDA:267,78,0,2
BRDA:267,78,1,1
BRDA:267,79,0,1
BRDA:267,79,1,1
BRDA:267,80,0,2
BRDA:267,80,1,2
BRDA:269,81,0,2
BRDA:269,81,1,1
BRDA:269,82,0,1
BRDA:269,82,1,1
BRDA:269,83,0,2
BRDA:269,83,1,2
BRDA:271,84,0,2
BRDA:271,84,1,2
BRDA:271,85,0,1
BRDA:271,85,1,1
BRDA:271,86,0,2
BRDA:271,86,1,2
BRDA:271,87,0,1
BRDA:271,87,1,1
BRDA:271,88,0,2
BRDA:271,88,1,2
BRDA:272,89,0,2
BRDA:272,89,1,2
BRDA:272,90,0,1
BRDA:272,90,1,1
BRDA:272,91,0,2
BRDA:272,91,1,2
BRDA:272,92,0,1
BRDA:272,92,1,1
BRDA:272,93,0,2
BRDA:272,93,1,2
BRF:180
BRH:178
end_of_record
